
**** Build of configuration UCD3138A for project UCD3138_IBC ****

"D:\\APP\\CCS\\ccs\\utils\\bin\\gmake" -k all 
 
Building file: "../UART_Auto_Baud.c"
Invoking: ARM Compiler
"D:/APP/CCS/ccs/tools/compiler/ti-cgt-arm_5.2.9/bin/armcl" -mv4 --code_state=16 --abi=ti_arm9_abi -O2 --include_path="C:/Users/Martin/Desktop/2024.4.19/UCDIBCFirmware/Firmware/Device/UCD3138A/Header" --include_path="C:/Users/Martin/Desktop/2024.4.19/UCDIBCFirmware/Firmware/Driver/Pmbus" --include_path="C:/Users/Martin/Desktop/2024.4.19/UCDIBCFirmware/Firmware/LLC/LLC_HB/" --include_path="D:/APP/CCS/ccs/tools/compiler/ti-cgt-arm_5.2.9/include" -g --preproc_with_comment --preproc_with_compile --define=UCD3138A=1 --diag_warning=225 --display_error_number -k --pp_directory="C:/Users/Martin/Desktop/2024.4.19/UCDIBCFirmware/Firmware/LLC/LLC_HB/UCD3138A"  "../UART_Auto_Baud.c"
Finished building: "../UART_Auto_Baud.c"
 
Building file: "../configuration_functions.c"
Invoking: ARM Compiler
"D:/APP/CCS/ccs/tools/compiler/ti-cgt-arm_5.2.9/bin/armcl" -mv4 --code_state=16 --abi=ti_arm9_abi -O2 --include_path="C:/Users/Martin/Desktop/2024.4.19/UCDIBCFirmware/Firmware/Device/UCD3138A/Header" --include_path="C:/Users/Martin/Desktop/2024.4.19/UCDIBCFirmware/Firmware/Driver/Pmbus" --include_path="C:/Users/Martin/Desktop/2024.4.19/UCDIBCFirmware/Firmware/LLC/LLC_HB/" --include_path="D:/APP/CCS/ccs/tools/compiler/ti-cgt-arm_5.2.9/include" -g --preproc_with_comment --preproc_with_compile --define=UCD3138A=1 --diag_warning=225 --display_error_number -k --pp_directory="C:/Users/Martin/Desktop/2024.4.19/UCDIBCFirmware/Firmware/LLC/LLC_HB/UCD3138A"  "../configuration_functions.c"
"../configuration_functions.c", line 104: warning #179-D: variable "ramp_DAC_step" was declared but never referenced
"../configuration_functions.c", line 105: warning #179-D: variable "slew_sample_rate" was declared but never referenced
Finished building: "../configuration_functions.c"
 
Building file: "../constants.c"
Invoking: ARM Compiler
"D:/APP/CCS/ccs/tools/compiler/ti-cgt-arm_5.2.9/bin/armcl" -mv4 --code_state=16 --abi=ti_arm9_abi -O2 --include_path="C:/Users/Martin/Desktop/2024.4.19/UCDIBCFirmware/Firmware/Device/UCD3138A/Header" --include_path="C:/Users/Martin/Desktop/2024.4.19/UCDIBCFirmware/Firmware/Driver/Pmbus" --include_path="C:/Users/Martin/Desktop/2024.4.19/UCDIBCFirmware/Firmware/LLC/LLC_HB/" --include_path="D:/APP/CCS/ccs/tools/compiler/ti-cgt-arm_5.2.9/include" -g --preproc_with_comment --preproc_with_compile --define=UCD3138A=1 --diag_warning=225 --display_error_number -k --pp_directory="C:/Users/Martin/Desktop/2024.4.19/UCDIBCFirmware/Firmware/LLC/LLC_HB/UCD3138A"  "../constants.c"
Finished building: "../constants.c"
 
Building file: "../cyclone_global_variables_defs.c"
Invoking: ARM Compiler
"D:/APP/CCS/ccs/tools/compiler/ti-cgt-arm_5.2.9/bin/armcl" -mv4 --code_state=16 --abi=ti_arm9_abi -O2 --include_path="C:/Users/Martin/Desktop/2024.4.19/UCDIBCFirmware/Firmware/Device/UCD3138A/Header" --include_path="C:/Users/Martin/Desktop/2024.4.19/UCDIBCFirmware/Firmware/Driver/Pmbus" --include_path="C:/Users/Martin/Desktop/2024.4.19/UCDIBCFirmware/Firmware/LLC/LLC_HB/" --include_path="D:/APP/CCS/ccs/tools/compiler/ti-cgt-arm_5.2.9/include" -g --preproc_with_comment --preproc_with_compile --define=UCD3138A=1 --diag_warning=225 --display_error_number -k --pp_directory="C:/Users/Martin/Desktop/2024.4.19/UCDIBCFirmware/Firmware/LLC/LLC_HB/UCD3138A"  "../cyclone_global_variables_defs.c"
Finished building: "../cyclone_global_variables_defs.c"
 
Building file: "../fault_handler.c"
Invoking: ARM Compiler
"D:/APP/CCS/ccs/tools/compiler/ti-cgt-arm_5.2.9/bin/armcl" -mv4 --code_state=16 --abi=ti_arm9_abi -O2 --include_path="C:/Users/Martin/Desktop/2024.4.19/UCDIBCFirmware/Firmware/Device/UCD3138A/Header" --include_path="C:/Users/Martin/Desktop/2024.4.19/UCDIBCFirmware/Firmware/Driver/Pmbus" --include_path="C:/Users/Martin/Desktop/2024.4.19/UCDIBCFirmware/Firmware/LLC/LLC_HB/" --include_path="D:/APP/CCS/ccs/tools/compiler/ti-cgt-arm_5.2.9/include" -g --preproc_with_comment --preproc_with_compile --define=UCD3138A=1 --diag_warning=225 --display_error_number -k --pp_directory="C:/Users/Martin/Desktop/2024.4.19/UCDIBCFirmware/Firmware/LLC/LLC_HB/UCD3138A"  "../fault_handler.c"
Finished building: "../fault_handler.c"
 
Building file: "../flash.c"
Invoking: ARM Compiler
"D:/APP/CCS/ccs/tools/compiler/ti-cgt-arm_5.2.9/bin/armcl" -mv4 --code_state=16 --abi=ti_arm9_abi -O2 --include_path="C:/Users/Martin/Desktop/2024.4.19/UCDIBCFirmware/Firmware/Device/UCD3138A/Header" --include_path="C:/Users/Martin/Desktop/2024.4.19/UCDIBCFirmware/Firmware/Driver/Pmbus" --include_path="C:/Users/Martin/Desktop/2024.4.19/UCDIBCFirmware/Firmware/LLC/LLC_HB/" --include_path="D:/APP/CCS/ccs/tools/compiler/ti-cgt-arm_5.2.9/include" -g --preproc_with_comment --preproc_with_compile --define=UCD3138A=1 --diag_warning=225 --display_error_number -k --pp_directory="C:/Users/Martin/Desktop/2024.4.19/UCDIBCFirmware/Firmware/LLC/LLC_HB/UCD3138A"  "../flash.c"
Finished building: "../flash.c"
 
Building file: "../gpio.c"
Invoking: ARM Compiler
"D:/APP/CCS/ccs/tools/compiler/ti-cgt-arm_5.2.9/bin/armcl" -mv4 --code_state=16 --abi=ti_arm9_abi -O2 --include_path="C:/Users/Martin/Desktop/2024.4.19/UCDIBCFirmware/Firmware/Device/UCD3138A/Header" --include_path="C:/Users/Martin/Desktop/2024.4.19/UCDIBCFirmware/Firmware/Driver/Pmbus" --include_path="C:/Users/Martin/Desktop/2024.4.19/UCDIBCFirmware/Firmware/LLC/LLC_HB/" --include_path="D:/APP/CCS/ccs/tools/compiler/ti-cgt-arm_5.2.9/include" -g --preproc_with_comment --preproc_with_compile --define=UCD3138A=1 --diag_warning=225 --display_error_number -k --pp_directory="C:/Users/Martin/Desktop/2024.4.19/UCDIBCFirmware/Firmware/LLC/LLC_HB/UCD3138A"  "../gpio.c"
Finished building: "../gpio.c"
 
Building file: "../init_adc12.c"
Invoking: ARM Compiler
"D:/APP/CCS/ccs/tools/compiler/ti-cgt-arm_5.2.9/bin/armcl" -mv4 --code_state=16 --abi=ti_arm9_abi -O2 --include_path="C:/Users/Martin/Desktop/2024.4.19/UCDIBCFirmware/Firmware/Device/UCD3138A/Header" --include_path="C:/Users/Martin/Desktop/2024.4.19/UCDIBCFirmware/Firmware/Driver/Pmbus" --include_path="C:/Users/Martin/Desktop/2024.4.19/UCDIBCFirmware/Firmware/LLC/LLC_HB/" --include_path="D:/APP/CCS/ccs/tools/compiler/ti-cgt-arm_5.2.9/include" -g --preproc_with_comment --preproc_with_compile --define=UCD3138A=1 --diag_warning=225 --display_error_number -k --pp_directory="C:/Users/Martin/Desktop/2024.4.19/UCDIBCFirmware/Firmware/LLC/LLC_HB/UCD3138A"  "../init_adc12.c"
Finished building: "../init_adc12.c"
 
Building file: "../init_cpcc.c"
Invoking: ARM Compiler
"D:/APP/CCS/ccs/tools/compiler/ti-cgt-arm_5.2.9/bin/armcl" -mv4 --code_state=16 --abi=ti_arm9_abi -O2 --include_path="C:/Users/Martin/Desktop/2024.4.19/UCDIBCFirmware/Firmware/Device/UCD3138A/Header" --include_path="C:/Users/Martin/Desktop/2024.4.19/UCDIBCFirmware/Firmware/Driver/Pmbus" --include_path="C:/Users/Martin/Desktop/2024.4.19/UCDIBCFirmware/Firmware/LLC/LLC_HB/" --include_path="D:/APP/CCS/ccs/tools/compiler/ti-cgt-arm_5.2.9/include" -g --preproc_with_comment --preproc_with_compile --define=UCD3138A=1 --diag_warning=225 --display_error_number -k --pp_directory="C:/Users/Martin/Desktop/2024.4.19/UCDIBCFirmware/Firmware/LLC/LLC_HB/UCD3138A"  "../init_cpcc.c"
Finished building: "../init_cpcc.c"
 
Building file: "../init_current_sharing.c"
Invoking: ARM Compiler
"D:/APP/CCS/ccs/tools/compiler/ti-cgt-arm_5.2.9/bin/armcl" -mv4 --code_state=16 --abi=ti_arm9_abi -O2 --include_path="C:/Users/Martin/Desktop/2024.4.19/UCDIBCFirmware/Firmware/Device/UCD3138A/Header" --include_path="C:/Users/Martin/Desktop/2024.4.19/UCDIBCFirmware/Firmware/Driver/Pmbus" --include_path="C:/Users/Martin/Desktop/2024.4.19/UCDIBCFirmware/Firmware/LLC/LLC_HB/" --include_path="D:/APP/CCS/ccs/tools/compiler/ti-cgt-arm_5.2.9/include" -g --preproc_with_comment --preproc_with_compile --define=UCD3138A=1 --diag_warning=225 --display_error_number -k --pp_directory="C:/Users/Martin/Desktop/2024.4.19/UCDIBCFirmware/Firmware/LLC/LLC_HB/UCD3138A"  "../init_current_sharing.c"
Finished building: "../init_current_sharing.c"
 
Building file: "../init_dpwms.c"
Invoking: ARM Compiler
"D:/APP/CCS/ccs/tools/compiler/ti-cgt-arm_5.2.9/bin/armcl" -mv4 --code_state=16 --abi=ti_arm9_abi -O2 --include_path="C:/Users/Martin/Desktop/2024.4.19/UCDIBCFirmware/Firmware/Device/UCD3138A/Header" --include_path="C:/Users/Martin/Desktop/2024.4.19/UCDIBCFirmware/Firmware/Driver/Pmbus" --include_path="C:/Users/Martin/Desktop/2024.4.19/UCDIBCFirmware/Firmware/LLC/LLC_HB/" --include_path="D:/APP/CCS/ccs/tools/compiler/ti-cgt-arm_5.2.9/include" -g --preproc_with_comment --preproc_with_compile --define=UCD3138A=1 --diag_warning=225 --display_error_number -k --pp_directory="C:/Users/Martin/Desktop/2024.4.19/UCDIBCFirmware/Firmware/LLC/LLC_HB/UCD3138A"  "../init_dpwms.c"
"../init_dpwms.c", line 602: warning #225-D: function "init_light_load_configuration" declared implicitly
"../init_dpwms.c", line 605: warning #161-D: declaration is incompatible with previous "init_light_load_configuration" (declared at line 602)
Finished building: "../init_dpwms.c"
 
Building file: "../init_fault_mux.c"
Invoking: ARM Compiler
"D:/APP/CCS/ccs/tools/compiler/ti-cgt-arm_5.2.9/bin/armcl" -mv4 --code_state=16 --abi=ti_arm9_abi -O2 --include_path="C:/Users/Martin/Desktop/2024.4.19/UCDIBCFirmware/Firmware/Device/UCD3138A/Header" --include_path="C:/Users/Martin/Desktop/2024.4.19/UCDIBCFirmware/Firmware/Driver/Pmbus" --include_path="C:/Users/Martin/Desktop/2024.4.19/UCDIBCFirmware/Firmware/LLC/LLC_HB/" --include_path="D:/APP/CCS/ccs/tools/compiler/ti-cgt-arm_5.2.9/include" -g --preproc_with_comment --preproc_with_compile --define=UCD3138A=1 --diag_warning=225 --display_error_number -k --pp_directory="C:/Users/Martin/Desktop/2024.4.19/UCDIBCFirmware/Firmware/LLC/LLC_HB/UCD3138A"  "../init_fault_mux.c"
Finished building: "../init_fault_mux.c"
 
Building file: "../init_filters.c"
Invoking: ARM Compiler
"D:/APP/CCS/ccs/tools/compiler/ti-cgt-arm_5.2.9/bin/armcl" -mv4 --code_state=16 --abi=ti_arm9_abi -O2 --include_path="C:/Users/Martin/Desktop/2024.4.19/UCDIBCFirmware/Firmware/Device/UCD3138A/Header" --include_path="C:/Users/Martin/Desktop/2024.4.19/UCDIBCFirmware/Firmware/Driver/Pmbus" --include_path="C:/Users/Martin/Desktop/2024.4.19/UCDIBCFirmware/Firmware/LLC/LLC_HB/" --include_path="D:/APP/CCS/ccs/tools/compiler/ti-cgt-arm_5.2.9/include" -g --preproc_with_comment --preproc_with_compile --define=UCD3138A=1 --diag_warning=225 --display_error_number -k --pp_directory="C:/Users/Martin/Desktop/2024.4.19/UCDIBCFirmware/Firmware/LLC/LLC_HB/UCD3138A"  "../init_filters.c"
Finished building: "../init_filters.c"
 
Building file: "../init_front_ends.c"
Invoking: ARM Compiler
"D:/APP/CCS/ccs/tools/compiler/ti-cgt-arm_5.2.9/bin/armcl" -mv4 --code_state=16 --abi=ti_arm9_abi -O2 --include_path="C:/Users/Martin/Desktop/2024.4.19/UCDIBCFirmware/Firmware/Device/UCD3138A/Header" --include_path="C:/Users/Martin/Desktop/2024.4.19/UCDIBCFirmware/Firmware/Driver/Pmbus" --include_path="C:/Users/Martin/Desktop/2024.4.19/UCDIBCFirmware/Firmware/LLC/LLC_HB/" --include_path="D:/APP/CCS/ccs/tools/compiler/ti-cgt-arm_5.2.9/include" -g --preproc_with_comment --preproc_with_compile --define=UCD3138A=1 --diag_warning=225 --display_error_number -k --pp_directory="C:/Users/Martin/Desktop/2024.4.19/UCDIBCFirmware/Firmware/LLC/LLC_HB/UCD3138A"  "../init_front_ends.c"
Finished building: "../init_front_ends.c"
 
Building file: "../init_loop_mux.c"
Invoking: ARM Compiler
"D:/APP/CCS/ccs/tools/compiler/ti-cgt-arm_5.2.9/bin/armcl" -mv4 --code_state=16 --abi=ti_arm9_abi -O2 --include_path="C:/Users/Martin/Desktop/2024.4.19/UCDIBCFirmware/Firmware/Device/UCD3138A/Header" --include_path="C:/Users/Martin/Desktop/2024.4.19/UCDIBCFirmware/Firmware/Driver/Pmbus" --include_path="C:/Users/Martin/Desktop/2024.4.19/UCDIBCFirmware/Firmware/LLC/LLC_HB/" --include_path="D:/APP/CCS/ccs/tools/compiler/ti-cgt-arm_5.2.9/include" -g --preproc_with_comment --preproc_with_compile --define=UCD3138A=1 --diag_warning=225 --display_error_number -k --pp_directory="C:/Users/Martin/Desktop/2024.4.19/UCDIBCFirmware/Firmware/LLC/LLC_HB/UCD3138A"  "../init_loop_mux.c"
Finished building: "../init_loop_mux.c"
 
Building file: "../init_miscellaneous.c"
Invoking: ARM Compiler
"D:/APP/CCS/ccs/tools/compiler/ti-cgt-arm_5.2.9/bin/armcl" -mv4 --code_state=16 --abi=ti_arm9_abi -O2 --include_path="C:/Users/Martin/Desktop/2024.4.19/UCDIBCFirmware/Firmware/Device/UCD3138A/Header" --include_path="C:/Users/Martin/Desktop/2024.4.19/UCDIBCFirmware/Firmware/Driver/Pmbus" --include_path="C:/Users/Martin/Desktop/2024.4.19/UCDIBCFirmware/Firmware/LLC/LLC_HB/" --include_path="D:/APP/CCS/ccs/tools/compiler/ti-cgt-arm_5.2.9/include" -g --preproc_with_comment --preproc_with_compile --define=UCD3138A=1 --diag_warning=225 --display_error_number -k --pp_directory="C:/Users/Martin/Desktop/2024.4.19/UCDIBCFirmware/Firmware/LLC/LLC_HB/UCD3138A"  "../init_miscellaneous.c"
Finished building: "../init_miscellaneous.c"
 
Building file: "../init_watchdog.c"
Invoking: ARM Compiler
"D:/APP/CCS/ccs/tools/compiler/ti-cgt-arm_5.2.9/bin/armcl" -mv4 --code_state=16 --abi=ti_arm9_abi -O2 --include_path="C:/Users/Martin/Desktop/2024.4.19/UCDIBCFirmware/Firmware/Device/UCD3138A/Header" --include_path="C:/Users/Martin/Desktop/2024.4.19/UCDIBCFirmware/Firmware/Driver/Pmbus" --include_path="C:/Users/Martin/Desktop/2024.4.19/UCDIBCFirmware/Firmware/LLC/LLC_HB/" --include_path="D:/APP/CCS/ccs/tools/compiler/ti-cgt-arm_5.2.9/include" -g --preproc_with_comment --preproc_with_compile --define=UCD3138A=1 --diag_warning=225 --display_error_number -k --pp_directory="C:/Users/Martin/Desktop/2024.4.19/UCDIBCFirmware/Firmware/LLC/LLC_HB/UCD3138A"  "../init_watchdog.c"
Finished building: "../init_watchdog.c"
 
Building file: "../interrupts.c"
Invoking: ARM Compiler
"D:/APP/CCS/ccs/tools/compiler/ti-cgt-arm_5.2.9/bin/armcl" -mv4 --code_state=32 --abi=ti_arm9_abi -O1 --include_path="C:/Users/Martin/Desktop/2024.4.19/UCDIBCFirmware/Firmware/Device/UCD3138A/Header" --include_path="C:/Users/Martin/Desktop/2024.4.19/UCDIBCFirmware/Firmware/Driver/Pmbus" --include_path="C:/Users/Martin/Desktop/2024.4.19/UCDIBCFirmware/Firmware/LLC/LLC_HB/" --include_path="D:/APP/CCS/ccs/tools/compiler/ti-cgt-arm_5.2.9/include" -g --preproc_with_comment --preproc_with_compile --define=UCD3138A=1 --diag_warning=225 --display_error_number -k --pp_directory="C:/Users/Martin/Desktop/2024.4.19/UCDIBCFirmware/Firmware/LLC/LLC_HB/UCD3138A"  "../interrupts.c"
"../interrupts.c", line 84: warning #179-D: function "burst_mode_handler" was declared but never referenced
"../interrupts.c", line 127: warning #179-D: function "cc_handler" was declared but never referenced
Finished building: "../interrupts.c"
 
Building file: "../main.c"
Invoking: ARM Compiler
"D:/APP/CCS/ccs/tools/compiler/ti-cgt-arm_5.2.9/bin/armcl" -mv4 --code_state=16 --abi=ti_arm9_abi -O2 --include_path="C:/Users/Martin/Desktop/2024.4.19/UCDIBCFirmware/Firmware/Device/UCD3138A/Header" --include_path="C:/Users/Martin/Desktop/2024.4.19/UCDIBCFirmware/Firmware/Driver/Pmbus" --include_path="C:/Users/Martin/Desktop/2024.4.19/UCDIBCFirmware/Firmware/LLC/LLC_HB/" --include_path="D:/APP/CCS/ccs/tools/compiler/ti-cgt-arm_5.2.9/include" -g --preproc_with_comment --preproc_with_compile --define=UCD3138A=1 --diag_warning=225 --display_error_number -k --pp_directory="C:/Users/Martin/Desktop/2024.4.19/UCDIBCFirmware/Firmware/LLC/LLC_HB/UCD3138A"  "../main.c"
Finished building: "../main.c"
 
Building file: "../pmbus_topology.c"
Invoking: ARM Compiler
"D:/APP/CCS/ccs/tools/compiler/ti-cgt-arm_5.2.9/bin/armcl" -mv4 --code_state=16 --abi=ti_arm9_abi -O2 --include_path="C:/Users/Martin/Desktop/2024.4.19/UCDIBCFirmware/Firmware/Device/UCD3138A/Header" --include_path="C:/Users/Martin/Desktop/2024.4.19/UCDIBCFirmware/Firmware/Driver/Pmbus" --include_path="C:/Users/Martin/Desktop/2024.4.19/UCDIBCFirmware/Firmware/LLC/LLC_HB/" --include_path="D:/APP/CCS/ccs/tools/compiler/ti-cgt-arm_5.2.9/include" -g --preproc_with_comment --preproc_with_compile --define=UCD3138A=1 --diag_warning=225 --display_error_number -k --pp_directory="C:/Users/Martin/Desktop/2024.4.19/UCDIBCFirmware/Firmware/LLC/LLC_HB/UCD3138A"  "../pmbus_topology.c"
"../pmbus_topology.c", line 63: warning #179-D: variable "linear11_pmbus" was declared but never referenced
"../pmbus_topology.c", line 925: warning #179-D: variable "period" was declared but never referenced
"../pmbus_topology.c", line 927: warning #552-D: variable "exp" was set but never used
Finished building: "../pmbus_topology.c"
 
Building file: "../scale.c"
Invoking: ARM Compiler
"D:/APP/CCS/ccs/tools/compiler/ti-cgt-arm_5.2.9/bin/armcl" -mv4 --code_state=16 --abi=ti_arm9_abi -O2 --include_path="C:/Users/Martin/Desktop/2024.4.19/UCDIBCFirmware/Firmware/Device/UCD3138A/Header" --include_path="C:/Users/Martin/Desktop/2024.4.19/UCDIBCFirmware/Firmware/Driver/Pmbus" --include_path="C:/Users/Martin/Desktop/2024.4.19/UCDIBCFirmware/Firmware/LLC/LLC_HB/" --include_path="D:/APP/CCS/ccs/tools/compiler/ti-cgt-arm_5.2.9/include" -g --preproc_with_comment --preproc_with_compile --define=UCD3138A=1 --diag_warning=225 --display_error_number -k --pp_directory="C:/Users/Martin/Desktop/2024.4.19/UCDIBCFirmware/Firmware/LLC/LLC_HB/UCD3138A"  "../scale.c"
Finished building: "../scale.c"
 
Building file: "../software_interrupt.c"
Invoking: ARM Compiler
"D:/APP/CCS/ccs/tools/compiler/ti-cgt-arm_5.2.9/bin/armcl" -mv4 --code_state=32 --abi=ti_arm9_abi -O1 --opt_for_speed=5 --include_path="C:/Users/Martin/Desktop/2024.4.19/UCDIBCFirmware/Firmware/Device/UCD3138A/Header" --include_path="C:/Users/Martin/Desktop/2024.4.19/UCDIBCFirmware/Firmware/Driver/Pmbus" --include_path="C:/Users/Martin/Desktop/2024.4.19/UCDIBCFirmware/Firmware/LLC/LLC_HB/" --include_path="D:/APP/CCS/ccs/tools/compiler/ti-cgt-arm_5.2.9/include" -g --preproc_with_comment --preproc_with_compile --define=UCD3138A=1 --diag_warning=225 --display_error_number -k --pp_directory="C:/Users/Martin/Desktop/2024.4.19/UCDIBCFirmware/Firmware/LLC/LLC_HB/UCD3138A"  "../software_interrupt.c"
Finished building: "../software_interrupt.c"
 
Building file: "../software_interrupt_wrapper.c"
Invoking: ARM Compiler
"D:/APP/CCS/ccs/tools/compiler/ti-cgt-arm_5.2.9/bin/armcl" -mv4 --code_state=16 --abi=ti_arm9_abi -O2 --include_path="C:/Users/Martin/Desktop/2024.4.19/UCDIBCFirmware/Firmware/Device/UCD3138A/Header" --include_path="C:/Users/Martin/Desktop/2024.4.19/UCDIBCFirmware/Firmware/Driver/Pmbus" --include_path="C:/Users/Martin/Desktop/2024.4.19/UCDIBCFirmware/Firmware/LLC/LLC_HB/" --include_path="D:/APP/CCS/ccs/tools/compiler/ti-cgt-arm_5.2.9/include" -g --preproc_with_comment --preproc_with_compile --define=UCD3138A=1 --diag_warning=225 --display_error_number -k --pp_directory="C:/Users/Martin/Desktop/2024.4.19/UCDIBCFirmware/Firmware/LLC/LLC_HB/UCD3138A"  "../software_interrupt_wrapper.c"
Finished building: "../software_interrupt_wrapper.c"
 
Building file: "../standard_interrupt.c"
Invoking: ARM Compiler
"D:/APP/CCS/ccs/tools/compiler/ti-cgt-arm_5.2.9/bin/armcl" -mv4 --code_state=32 --abi=ti_arm9_abi -O2 --include_path="C:/Users/Martin/Desktop/2024.4.19/UCDIBCFirmware/Firmware/Device/UCD3138A/Header" --include_path="C:/Users/Martin/Desktop/2024.4.19/UCDIBCFirmware/Firmware/Driver/Pmbus" --include_path="C:/Users/Martin/Desktop/2024.4.19/UCDIBCFirmware/Firmware/LLC/LLC_HB/" --include_path="D:/APP/CCS/ccs/tools/compiler/ti-cgt-arm_5.2.9/include" -g --preproc_with_comment --preproc_with_compile --define=UCD3138A=1 --diag_warning=225 --display_error_number -k --pp_directory="C:/Users/Martin/Desktop/2024.4.19/UCDIBCFirmware/Firmware/LLC/LLC_HB/UCD3138A"  "../standard_interrupt.c"
"../standard_interrupt.c", line 372: warning #179-D: variable "interrupt_temp" was declared but never referenced
Finished building: "../standard_interrupt.c"
 
Building file: "../store_restore_functions.c"
Invoking: ARM Compiler
"D:/APP/CCS/ccs/tools/compiler/ti-cgt-arm_5.2.9/bin/armcl" -mv4 --code_state=16 --abi=ti_arm9_abi -O2 --include_path="C:/Users/Martin/Desktop/2024.4.19/UCDIBCFirmware/Firmware/Device/UCD3138A/Header" --include_path="C:/Users/Martin/Desktop/2024.4.19/UCDIBCFirmware/Firmware/Driver/Pmbus" --include_path="C:/Users/Martin/Desktop/2024.4.19/UCDIBCFirmware/Firmware/LLC/LLC_HB/" --include_path="D:/APP/CCS/ccs/tools/compiler/ti-cgt-arm_5.2.9/include" -g --preproc_with_comment --preproc_with_compile --define=UCD3138A=1 --diag_warning=225 --display_error_number -k --pp_directory="C:/Users/Martin/Desktop/2024.4.19/UCDIBCFirmware/Firmware/LLC/LLC_HB/UCD3138A"  "../store_restore_functions.c"
Finished building: "../store_restore_functions.c"
 
Building file: "../uart.c"
Invoking: ARM Compiler
"D:/APP/CCS/ccs/tools/compiler/ti-cgt-arm_5.2.9/bin/armcl" -mv4 --code_state=16 --abi=ti_arm9_abi -O2 --include_path="C:/Users/Martin/Desktop/2024.4.19/UCDIBCFirmware/Firmware/Device/UCD3138A/Header" --include_path="C:/Users/Martin/Desktop/2024.4.19/UCDIBCFirmware/Firmware/Driver/Pmbus" --include_path="C:/Users/Martin/Desktop/2024.4.19/UCDIBCFirmware/Firmware/LLC/LLC_HB/" --include_path="D:/APP/CCS/ccs/tools/compiler/ti-cgt-arm_5.2.9/include" -g --preproc_with_comment --preproc_with_compile --define=UCD3138A=1 --diag_warning=225 --display_error_number -k --pp_directory="C:/Users/Martin/Desktop/2024.4.19/UCDIBCFirmware/Firmware/LLC/LLC_HB/UCD3138A"  "../uart.c"
Finished building: "../uart.c"
 
Building file: "C:/Users/Martin/Desktop/2024.4.19/UCDIBCFirmware/Firmware/Device/UCD3138A/Source/clear_program_flash.c"
Invoking: ARM Compiler
"D:/APP/CCS/ccs/tools/compiler/ti-cgt-arm_5.2.9/bin/armcl" -mv4 --code_state=32 --abi=ti_arm9_abi -O2 --include_path="C:/Users/Martin/Desktop/2024.4.19/UCDIBCFirmware/Firmware/Device/UCD3138A/Header" --include_path="C:/Users/Martin/Desktop/2024.4.19/UCDIBCFirmware/Firmware/Driver/Pmbus" --include_path="C:/Users/Martin/Desktop/2024.4.19/UCDIBCFirmware/Firmware/LLC/LLC_HB/" --include_path="D:/APP/CCS/ccs/tools/compiler/ti-cgt-arm_5.2.9/include" -g --preproc_with_comment --preproc_with_compile --define=UCD3138A=1 --diag_warning=225 --display_error_number -k --pp_directory="C:/Users/Martin/Desktop/2024.4.19/UCDIBCFirmware/Firmware/LLC/LLC_HB/UCD3138A" --obj_directory="Device/UCD3138A/Source"  "C:/Users/Martin/Desktop/2024.4.19/UCDIBCFirmware/Firmware/Device/UCD3138A/Source/clear_program_flash.c"
Finished building: "C:/Users/Martin/Desktop/2024.4.19/UCDIBCFirmware/Firmware/Device/UCD3138A/Source/clear_program_flash.c"
 
Building file: "C:/Users/Martin/Desktop/2024.4.19/UCDIBCFirmware/Firmware/Device/UCD3138A/Source/load_UCD3138A.asm"
Invoking: ARM Compiler
"D:/APP/CCS/ccs/tools/compiler/ti-cgt-arm_5.2.9/bin/armcl" -mv4 --code_state=16 --abi=ti_arm9_abi -O2 --include_path="C:/Users/Martin/Desktop/2024.4.19/UCDIBCFirmware/Firmware/Device/UCD3138A/Header" --include_path="C:/Users/Martin/Desktop/2024.4.19/UCDIBCFirmware/Firmware/Driver/Pmbus" --include_path="C:/Users/Martin/Desktop/2024.4.19/UCDIBCFirmware/Firmware/LLC/LLC_HB/" --include_path="D:/APP/CCS/ccs/tools/compiler/ti-cgt-arm_5.2.9/include" -g --preproc_with_comment --preproc_with_compile --define=UCD3138A=1 --diag_warning=225 --display_error_number -k --pp_directory="C:/Users/Martin/Desktop/2024.4.19/UCDIBCFirmware/Firmware/LLC/LLC_HB/UCD3138A" --obj_directory="Device/UCD3138A/Source"  "C:/Users/Martin/Desktop/2024.4.19/UCDIBCFirmware/Firmware/Device/UCD3138A/Source/load_UCD3138A.asm"
Finished building: "C:/Users/Martin/Desktop/2024.4.19/UCDIBCFirmware/Firmware/Device/UCD3138A/Source/load_UCD3138A.asm"
 
Building file: "C:/Users/Martin/Desktop/2024.4.19/UCDIBCFirmware/Firmware/Driver/Pmbus/pmbus_command_indexes.c"
Invoking: ARM Compiler
"D:/APP/CCS/ccs/tools/compiler/ti-cgt-arm_5.2.9/bin/armcl" -mv4 --code_state=16 --abi=ti_arm9_abi -O2 --include_path="C:/Users/Martin/Desktop/2024.4.19/UCDIBCFirmware/Firmware/Device/UCD3138A/Header" --include_path="C:/Users/Martin/Desktop/2024.4.19/UCDIBCFirmware/Firmware/Driver/Pmbus" --include_path="C:/Users/Martin/Desktop/2024.4.19/UCDIBCFirmware/Firmware/LLC/LLC_HB/" --include_path="D:/APP/CCS/ccs/tools/compiler/ti-cgt-arm_5.2.9/include" -g --preproc_with_comment --preproc_with_compile --define=UCD3138A=1 --diag_warning=225 --display_error_number -k --pp_directory="C:/Users/Martin/Desktop/2024.4.19/UCDIBCFirmware/Firmware/LLC/LLC_HB/UCD3138A" --obj_directory="Driver/Pmbus"  "C:/Users/Martin/Desktop/2024.4.19/UCDIBCFirmware/Firmware/Driver/Pmbus/pmbus_command_indexes.c"
Finished building: "C:/Users/Martin/Desktop/2024.4.19/UCDIBCFirmware/Firmware/Driver/Pmbus/pmbus_command_indexes.c"
 
Building file: "C:/Users/Martin/Desktop/2024.4.19/UCDIBCFirmware/Firmware/Driver/Pmbus/pmbus_common.c"
Invoking: ARM Compiler
"D:/APP/CCS/ccs/tools/compiler/ti-cgt-arm_5.2.9/bin/armcl" -mv4 --code_state=16 --abi=ti_arm9_abi -O2 --include_path="C:/Users/Martin/Desktop/2024.4.19/UCDIBCFirmware/Firmware/Device/UCD3138A/Header" --include_path="C:/Users/Martin/Desktop/2024.4.19/UCDIBCFirmware/Firmware/Driver/Pmbus" --include_path="C:/Users/Martin/Desktop/2024.4.19/UCDIBCFirmware/Firmware/LLC/LLC_HB/" --include_path="D:/APP/CCS/ccs/tools/compiler/ti-cgt-arm_5.2.9/include" -g --preproc_with_comment --preproc_with_compile --define=UCD3138A=1 --diag_warning=225 --display_error_number -k --pp_directory="C:/Users/Martin/Desktop/2024.4.19/UCDIBCFirmware/Firmware/LLC/LLC_HB/UCD3138A" --obj_directory="Driver/Pmbus"  "C:/Users/Martin/Desktop/2024.4.19/UCDIBCFirmware/Firmware/Driver/Pmbus/pmbus_common.c"
Finished building: "C:/Users/Martin/Desktop/2024.4.19/UCDIBCFirmware/Firmware/Driver/Pmbus/pmbus_common.c"
 
Building file: "C:/Users/Martin/Desktop/2024.4.19/UCDIBCFirmware/Firmware/Driver/Pmbus/pmbus_driver.c"
Invoking: ARM Compiler
"D:/APP/CCS/ccs/tools/compiler/ti-cgt-arm_5.2.9/bin/armcl" -mv4 --code_state=16 --abi=ti_arm9_abi -O2 --include_path="C:/Users/Martin/Desktop/2024.4.19/UCDIBCFirmware/Firmware/Device/UCD3138A/Header" --include_path="C:/Users/Martin/Desktop/2024.4.19/UCDIBCFirmware/Firmware/Driver/Pmbus" --include_path="C:/Users/Martin/Desktop/2024.4.19/UCDIBCFirmware/Firmware/LLC/LLC_HB/" --include_path="D:/APP/CCS/ccs/tools/compiler/ti-cgt-arm_5.2.9/include" -g --preproc_with_comment --preproc_with_compile --define=UCD3138A=1 --diag_warning=225 --display_error_number -k --pp_directory="C:/Users/Martin/Desktop/2024.4.19/UCDIBCFirmware/Firmware/LLC/LLC_HB/UCD3138A" --obj_directory="Driver/Pmbus"  "C:/Users/Martin/Desktop/2024.4.19/UCDIBCFirmware/Firmware/Driver/Pmbus/pmbus_driver.c"
Finished building: "C:/Users/Martin/Desktop/2024.4.19/UCDIBCFirmware/Firmware/Driver/Pmbus/pmbus_driver.c"
 
Building target: "UCD3138_IBC_UCD3138A.out"
Invoking: ARM Linker
"D:/APP/CCS/ccs/tools/compiler/ti-cgt-arm_5.2.9/bin/armcl" -mv4 --code_state=16 --abi=ti_arm9_abi -O2 -g --preproc_with_comment --preproc_with_compile --define=UCD3138A=1 --diag_warning=225 --display_error_number -k --pp_directory="C:/Users/Martin/Desktop/2024.4.19/UCDIBCFirmware/Firmware/LLC/LLC_HB/UCD3138A" -z -m"UCD3138_IBC_UCD3138A.map" --stack_size=200 --heap_size=10 -i"D:/APP/CCS/ccs/tools/compiler/ti-cgt-arm_5.2.9/lib" -i"D:/APP/CCS/ccs/tools/compiler/ti-cgt-arm_5.2.9/include" --reread_libs --define=UCD3138=1 --display_error_number --warn_sections --xml_link_info="UCD3138_IBC_linkInfo.xml" --rom_model -o "UCD3138_IBC_UCD3138A.out" "./UART_Auto_Baud.obj" "./configuration_functions.obj" "./constants.obj" "./cyclone_global_variables_defs.obj" "./fault_handler.obj" "./flash.obj" "./gpio.obj" "./init_adc12.obj" "./init_cpcc.obj" "./init_current_sharing.obj" "./init_dpwms.obj" "./init_fault_mux.obj" "./init_filters.obj" "./init_front_ends.obj" "./init_loop_mux.obj" "./init_miscellaneous.obj" "./init_watchdog.obj" "./interrupts.obj" "./main.obj" "./pmbus_topology.obj" "./scale.obj" "./software_interrupt.obj" "./software_interrupt_wrapper.obj" "./standard_interrupt.obj" "./store_restore_functions.obj" "./uart.obj" "./Device/UCD3138A/Source/clear_program_flash.obj" "./Device/UCD3138A/Source/load_UCD3138A.obj" "./Driver/Pmbus/pmbus_command_indexes.obj" "./Driver/Pmbus/pmbus_common.obj" "./Driver/Pmbus/pmbus_driver.obj"  -llibc.a -l"C:/Users/Martin/Desktop/2024.4.19/UCDIBCFirmware/Firmware/Device/UCD3138A/Linker/cyclone_A_headers.cmd" -l"C:/Users/Martin/Desktop/2024.4.19/UCDIBCFirmware/Firmware/Device/UCD3138A/Linker/cyclone_A.cmd" 
<Linking>
Finished building target: "UCD3138_IBC_UCD3138A.out"
 
Tektronix Extended format
"D:/APP/CCS/ccs/tools/compiler/ti-cgt-arm_5.2.9/bin/armhex.exe" -x "UCD3138_IBC_UCD3138A.out" -o "UCD3138_IBC_UCD3138A.x0" -memwidth 8
Translating to Extended Tektronix format...
   "UCD3138_IBC_UCD3138A.out" .vectors ==> .vectors
   "UCD3138_IBC_UCD3138A.out" .text ==> .text
   "UCD3138_IBC_UCD3138A.out" .const ==> .const
   "UCD3138_IBC_UCD3138A.out" .cinit ==> .cinit
   "UCD3138_IBC_UCD3138A.out" FixedDeviceID ==> FixedDeviceID
   "UCD3138_IBC_UCD3138A.out" .CONFIG ==> .CONFIG
 

**** Build Finished ****
